\BOOKMARK [0][-]{section*.1}{Avant-propos}{}% 1
\BOOKMARK [0][-]{section*.2}{Remerciements}{}% 2
\BOOKMARK [0][-]{section*.3}{Sommaire}{}% 3
\BOOKMARK [-1][-]{part.1}{I Les bases du langage C}{}% 4
\BOOKMARK [0][-]{chapter.1}{Introduction à la programmation}{part.1}% 5
\BOOKMARK [1][-]{section.1.1}{Avant-propos}{chapter.1}% 6
\BOOKMARK [2][-]{subsection.1.1.1}{Esprit et but du tutoriel}{section.1.1}% 7
\BOOKMARK [2][-]{subsection.1.1.2}{À qui est destiné ce cours ?}{section.1.1}% 8
\BOOKMARK [1][-]{section.1.2}{Aller plus loin}{chapter.1}% 9
\BOOKMARK [1][-]{section.1.3}{La programmation, qu’est-ce que c’est ?}{chapter.1}% 10
\BOOKMARK [2][-]{subsection.1.3.1}{Les programmes expliqués en long, en large et en travers}{section.1.3}% 11
\BOOKMARK [1][-]{section.1.4}{Le langage C}{chapter.1}% 12
\BOOKMARK [2][-]{subsection.1.4.1}{L'histoire du C}{section.1.4}% 13
\BOOKMARK [2][-]{subsection.1.4.2}{Pourquoi apprendre le C ?}{section.1.4}% 14
\BOOKMARK [1][-]{section.1.5}{La norme}{chapter.1}% 15
\BOOKMARK [1][-]{section.1.6}{L’algorithmique}{chapter.1}% 16
\BOOKMARK [2][-]{subsection.1.6.1}{Le pseudo-code}{section.1.6}% 17
\BOOKMARK [0][-]{chapter.2}{Rencontre avec le C}{part.1}% 18
\BOOKMARK [1][-]{section.2.1}{Windows}{chapter.2}% 19
\BOOKMARK [2][-]{subsection.2.1.1}{Le compilateur}{section.2.1}% 20
\BOOKMARK [1][-]{section.2.2}{L'éditeur de texte}{chapter.2}% 21
\BOOKMARK [1][-]{section.2.3}{Introduction à la ligne de commande}{chapter.2}% 22
\BOOKMARK [1][-]{section.2.4}{GNU/Linux, *BSD et autres Unixoïdes}{chapter.2}% 23
\BOOKMARK [2][-]{subsection.2.4.1}{ Le compilateur}{section.2.4}% 24
\BOOKMARK [2][-]{subsection.2.4.2}{Configuration}{section.2.4}% 25
\BOOKMARK [2][-]{subsection.2.4.3}{L'éditeur de texte}{section.2.4}% 26
\BOOKMARK [2][-]{subsection.2.4.4}{Introduction à la ligne de commande}{section.2.4}% 27
\BOOKMARK [1][-]{section.2.5}{Mac OS X}{chapter.2}% 28
\BOOKMARK [2][-]{subsection.2.5.1}{Le compilateur}{section.2.5}% 29
\BOOKMARK [2][-]{subsection.2.5.2}{Configuration}{section.2.5}% 30
\BOOKMARK [2][-]{subsection.2.5.3}{L'éditeur de texte}{section.2.5}% 31
\BOOKMARK [2][-]{subsection.2.5.4}{Introduction à la ligne de commande}{section.2.5}% 32
\BOOKMARK [1][-]{section.2.6}{Notre cible}{chapter.2}% 33
\BOOKMARK [1][-]{section.2.7}{Première rencontre}{chapter.2}% 34
\BOOKMARK [1][-]{section.2.8}{Les commentaires}{chapter.2}% 35
\BOOKMARK [0][-]{chapter.3}{Les variables}{part.1}% 36
\BOOKMARK [1][-]{section.3.1}{Qu’est-ce qu’une variable ?}{chapter.3}% 37
\BOOKMARK [2][-]{subsection.3.1.1}{Codage des informations}{section.3.1}% 38
\BOOKMARK [2][-]{subsection.3.1.2}{Binaire}{section.3.1}% 39
\BOOKMARK [1][-]{section.3.2}{La mémoire}{chapter.3}% 40
\BOOKMARK [2][-]{subsection.3.2.1}{Adresse mémoire}{section.3.2}% 41
\BOOKMARK [2][-]{subsection.3.2.2}{Les variables}{section.3.2}% 42
\BOOKMARK [1][-]{section.3.3}{Déclarer une variable}{chapter.3}% 43
\BOOKMARK [2][-]{subsection.3.3.1}{Les types}{section.3.3}% 44
\BOOKMARK [2][-]{subsection.3.3.2}{Les identificateurs}{section.3.3}% 45
\BOOKMARK [2][-]{subsection.3.3.3}{Déclaration et initialisation}{section.3.3}% 46
\BOOKMARK [2][-]{subsection.3.3.4}{Affectation}{section.3.3}% 47
\BOOKMARK [1][-]{section.3.4}{Les représentations octales et hexadécimales }{chapter.3}% 48
\BOOKMARK [1][-]{section.3.5}{Constantes octales et hexadécimales}{chapter.3}% 49
\BOOKMARK [0][-]{chapter.4}{Manipulations basiques des entrées/sorties}{part.1}% 50
\BOOKMARK [1][-]{section.4.1}{Les sorties}{chapter.4}% 51
\BOOKMARK [2][-]{subsection.4.1.1}{Première approche}{section.4.1}% 52
\BOOKMARK [2][-]{subsection.4.1.2}{Les formats}{section.4.1}% 53
\BOOKMARK [2][-]{subsection.4.1.3}{Précision des nombres flottants}{section.4.1}% 54
\BOOKMARK [2][-]{subsection.4.1.4}{Les caractères spéciaux}{section.4.1}% 55
\BOOKMARK [2][-]{subsection.4.1.5}{Sur plusieurs lignes}{section.4.1}% 56
\BOOKMARK [1][-]{section.4.2}{Interagir avec l'utilisateur }{chapter.4}% 57
\BOOKMARK [0][-]{chapter.5}{Les opérations mathématiques}{part.1}% 58
\BOOKMARK [1][-]{section.5.1}{Les opérations mathématiques de base}{chapter.5}% 59
\BOOKMARK [1][-]{section.5.2}{Division et modulo}{chapter.5}% 60
\BOOKMARK [1][-]{section.5.3}{Utilisation}{chapter.5}% 61
\BOOKMARK [1][-]{section.5.4}{La priorité des opérateurs}{chapter.5}% 62
\BOOKMARK [1][-]{section.5.5}{Les expressions}{chapter.5}% 63
\BOOKMARK [1][-]{section.5.6}{Type d'une expression}{chapter.5}% 64
\BOOKMARK [2][-]{subsection.5.6.1}{Suffixes}{section.5.6}% 65
\BOOKMARK [2][-]{subsection.5.6.2}{Exemple}{section.5.6}% 66
\BOOKMARK [1][-]{section.5.7}{Conversions de types}{chapter.5}% 67
\BOOKMARK [2][-]{subsection.5.7.1}{Perte d'informations}{section.5.7}% 68
\BOOKMARK [2][-]{subsection.5.7.2}{Deux types de conversions}{section.5.7}% 69
\BOOKMARK [1][-]{section.5.8}{Sucre syntaxique }{chapter.5}% 70
\BOOKMARK [1][-]{section.5.9}{Les opérateurs combinés}{chapter.5}% 71
\BOOKMARK [2][-]{subsection.5.9.1}{L'incrémentation et la décrémentation}{section.5.9}% 72
\BOOKMARK [1][-]{section.5.10}{Exercices}{chapter.5}% 73
\BOOKMARK [0][-]{chapter.6}{Tests et conditions}{part.1}% 74
\BOOKMARK [1][-]{section.6.1}{Les booléens}{chapter.6}% 75
\BOOKMARK [1][-]{section.6.2}{Les opérateurs de comparaison}{chapter.6}% 76
\BOOKMARK [2][-]{subsection.6.2.1}{Comparaisons}{section.6.2}% 77
\BOOKMARK [2][-]{subsection.6.2.2}{Résultat d'une comparaison}{section.6.2}% 78
\BOOKMARK [1][-]{section.6.3}{Les opérateurs logiques}{chapter.6}% 79
\BOOKMARK [2][-]{subsection.6.3.1}{Les opérateurs logiques de base}{section.6.3}% 80
\BOOKMARK [2][-]{subsection.6.3.2}{Évaluation en court-circuit}{section.6.3}% 81
\BOOKMARK [2][-]{subsection.6.3.3}{Combinaisons}{section.6.3}% 82
\BOOKMARK [0][-]{chapter.7}{Les sélections}{part.1}% 83
\BOOKMARK [1][-]{section.7.1}{La structure if}{chapter.7}% 84
\BOOKMARK [2][-]{subsection.7.1.1}{L'instruction if}{section.7.1}% 85
\BOOKMARK [2][-]{subsection.7.1.2}{L'instruction else}{section.7.1}% 86
\BOOKMARK [2][-]{subsection.7.1.3}{Exemple}{section.7.1}% 87
\BOOKMARK [1][-]{section.7.2}{If / else if}{chapter.7}% 88
\BOOKMARK [2][-]{subsection.7.2.1}{Exercice}{section.7.2}% 89
\BOOKMARK [1][-]{section.7.3}{L'instruction switch}{chapter.7}% 90
\BOOKMARK [2][-]{subsection.7.3.1}{Exemple}{section.7.3}% 91
\BOOKMARK [2][-]{subsection.7.3.2}{Plusieurs entrées pour une même action}{section.7.3}% 92
\BOOKMARK [1][-]{section.7.4}{Plusieurs entrées sans instruction break}{chapter.7}% 93
\BOOKMARK [1][-]{section.7.5}{L'opérateur conditionnel}{chapter.7}% 94
\BOOKMARK [2][-]{subsection.7.5.1}{Exercice}{section.7.5}% 95
\BOOKMARK [0][-]{chapter.8}{TP : déterminer le jour de la semaine}{part.1}% 96
\BOOKMARK [1][-]{section.8.1}{Objectif}{chapter.8}% 97
\BOOKMARK [1][-]{section.8.2}{Première étape}{chapter.8}% 98
\BOOKMARK [2][-]{subsection.8.2.1}{Déterminer le jour de la semaine}{section.8.2}% 99
\BOOKMARK [1][-]{section.8.3}{Correction}{chapter.8}% 100
\BOOKMARK [1][-]{section.8.4}{Deuxième étape}{chapter.8}% 101
\BOOKMARK [1][-]{section.8.5}{Correction}{chapter.8}% 102
\BOOKMARK [1][-]{section.8.6}{Troisième et dernière étape}{chapter.8}% 103
\BOOKMARK [2][-]{subsection.8.6.1}{Les calendriers Julien et Grégorien}{section.8.6}% 104
\BOOKMARK [2][-]{subsection.8.6.2}{Mode de calcul}{section.8.6}% 105
\BOOKMARK [1][-]{section.8.7}{Correction}{chapter.8}% 106
\BOOKMARK [0][-]{chapter.9}{Les boucles}{part.1}% 107
\BOOKMARK [1][-]{section.9.1}{La boucle while}{chapter.9}% 108
\BOOKMARK [2][-]{subsection.9.1.1}{Syntaxe}{section.9.1}% 109
\BOOKMARK [2][-]{subsection.9.1.2}{Exercice}{section.9.1}% 110
\BOOKMARK [1][-]{section.9.2}{La boucle do-while}{chapter.9}% 111
\BOOKMARK [2][-]{subsection.9.2.1}{Syntaxe}{section.9.2}% 112
\BOOKMARK [2][-]{subsection.9.2.2}{Exemple 1}{section.9.2}% 113
\BOOKMARK [2][-]{subsection.9.2.3}{Exemple 2}{section.9.2}% 114
\BOOKMARK [1][-]{section.9.3}{La boucle for}{chapter.9}% 115
\BOOKMARK [2][-]{subsection.9.3.1}{Syntaxe}{section.9.3}% 116
\BOOKMARK [2][-]{subsection.9.3.2}{Exemple}{section.9.3}% 117
\BOOKMARK [2][-]{subsection.9.3.3}{Plusieurs compteurs}{section.9.3}% 118
\BOOKMARK [1][-]{section.9.4}{Imbrications}{chapter.9}% 119
\BOOKMARK [1][-]{section.9.5}{Boucles infinies}{chapter.9}% 120
\BOOKMARK [1][-]{section.9.6}{Exercices}{chapter.9}% 121
\BOOKMARK [2][-]{subsection.9.6.1}{Calcul du PGCD de deux nombres}{section.9.6}% 122
\BOOKMARK [2][-]{subsection.9.6.2}{Une overdose de lapins}{section.9.6}% 123
\BOOKMARK [2][-]{subsection.9.6.3}{Des pieds et des mains pour convertir mille miles}{section.9.6}% 124
\BOOKMARK [2][-]{subsection.9.6.4}{Puissances de trois}{section.9.6}% 125
\BOOKMARK [2][-]{subsection.9.6.5}{La disparition : le retour}{section.9.6}% 126
\BOOKMARK [0][-]{chapter.10}{Les sauts}{part.1}% 127
\BOOKMARK [1][-]{section.10.1}{L'instruction break}{chapter.10}% 128
\BOOKMARK [2][-]{subsection.10.1.1}{Exemple}{section.10.1}% 129
\BOOKMARK [1][-]{section.10.2}{L’instruction continue}{chapter.10}% 130
\BOOKMARK [1][-]{section.10.3}{L'instruction goto}{chapter.10}% 131
\BOOKMARK [1][-]{section.10.4}{Exemple}{chapter.10}% 132
\BOOKMARK [1][-]{section.10.5}{Le dessous des boucles}{chapter.10}% 133
\BOOKMARK [1][-]{section.10.6}{Goto Hell ?}{chapter.10}% 134
\BOOKMARK [0][-]{chapter.11}{Les fonctions}{part.1}% 135
\BOOKMARK [1][-]{section.11.1}{Qu'est-ce qu'une fonction ?}{chapter.11}% 136
\BOOKMARK [1][-]{section.11.2}{Définir et utiliser une fonction}{chapter.11}% 137
\BOOKMARK [2][-]{subsection.11.2.1}{Le type de retour}{section.11.2}% 138
\BOOKMARK [2][-]{subsection.11.2.2}{Les paramètres}{section.11.2}% 139
\BOOKMARK [1][-]{section.11.3}{Les arguments et les paramètres}{chapter.11}% 140
\BOOKMARK [1][-]{section.11.4}{Les prototypes}{chapter.11}% 141
\BOOKMARK [1][-]{section.11.5}{Variables globales et classes de stockage}{chapter.11}% 142
\BOOKMARK [2][-]{subsection.11.5.1}{Les variables globales}{section.11.5}% 143
\BOOKMARK [1][-]{section.11.6}{Les classes de stockage}{chapter.11}% 144
\BOOKMARK [2][-]{subsection.11.6.1}{Classe de stockage automatique}{section.11.6}% 145
\BOOKMARK [2][-]{subsection.11.6.2}{Classe de stockage statique}{section.11.6}% 146
\BOOKMARK [2][-]{subsection.11.6.3}{Modification de la classe de stockage}{section.11.6}% 147
\BOOKMARK [1][-]{section.11.7}{Exercices}{chapter.11}% 148
\BOOKMARK [2][-]{subsection.11.7.1}{Afficher un rectangle}{section.11.7}% 149
\BOOKMARK [2][-]{subsection.11.7.2}{Correction}{section.11.7}% 150
\BOOKMARK [1][-]{section.11.8}{Afficher un triangle}{chapter.11}% 151
\BOOKMARK [2][-]{subsection.11.8.1}{Correction}{section.11.8}% 152
\BOOKMARK [1][-]{section.11.9}{En petites coupures ?}{chapter.11}% 153
\BOOKMARK [2][-]{subsection.11.9.1}{Correction}{section.11.9}% 154
\BOOKMARK [0][-]{chapter.12}{TP : une calculatrice basique}{part.1}% 155
\BOOKMARK [1][-]{section.12.1}{Objectif}{chapter.12}% 156
\BOOKMARK [1][-]{section.12.2}{Préparation}{chapter.12}% 157
\BOOKMARK [2][-]{subsection.12.2.1}{Précisions concernant scanf}{section.12.2}% 158
\BOOKMARK [2][-]{subsection.12.2.2}{Les puissances}{section.12.2}% 159
\BOOKMARK [2][-]{subsection.12.2.3}{La factorielle}{section.12.2}% 160
\BOOKMARK [2][-]{subsection.12.2.4}{Exemple d'utilisation}{section.12.2}% 161
\BOOKMARK [1][-]{section.12.3}{Derniers conseils}{chapter.12}% 162
\BOOKMARK [1][-]{section.12.4}{Correction}{chapter.12}% 163
\BOOKMARK [0][-]{chapter.13}{Découper son projet}{part.1}% 164
\BOOKMARK [1][-]{section.13.1}{Portée et masquage}{chapter.13}% 165
\BOOKMARK [2][-]{subsection.13.1.1}{La notion de portée}{section.13.1}% 166
\BOOKMARK [2][-]{subsection.13.1.2}{Au niveau d'un fichier}{section.13.1}% 167
\BOOKMARK [1][-]{section.13.2}{La notion de masquage}{chapter.13}% 168
\BOOKMARK [1][-]{section.13.3}{Diviser pour mieux régner }{chapter.13}% 169
\BOOKMARK [2][-]{subsection.13.3.1}{Les fonctions}{section.13.3}% 170
\BOOKMARK [2][-]{subsection.13.3.2}{Les variables}{section.13.3}% 171
\BOOKMARK [1][-]{section.13.4}{On m'aurait donc menti ?}{chapter.13}% 172
\BOOKMARK [1][-]{section.13.5}{Les fichiers d'en-têtes }{chapter.13}% 173
\BOOKMARK [0][-]{chapter.14}{La gestion d'erreurs \(1\)}{part.1}% 174
\BOOKMARK [1][-]{section.14.1}{Détection d'erreurs}{chapter.14}% 175
\BOOKMARK [2][-]{subsection.14.1.1}{Valeurs de retour}{section.14.1}% 176
\BOOKMARK [2][-]{subsection.14.1.2}{Variable globale errno}{section.14.1}% 177
\BOOKMARK [1][-]{section.14.2}{Prévenir l'utilisateur}{chapter.14}% 178
\BOOKMARK [1][-]{section.14.3}{Un exemple d'utilisation des valeurs de retour }{chapter.14}% 179
\BOOKMARK [-1][-]{part.2}{II Agrégats, mémoire et fichiers }{}% 180
\BOOKMARK [0][-]{chapter.15}{Les pointeurs}{part.2}% 181
\BOOKMARK [1][-]{section.15.1}{Présentation}{chapter.15}% 182
\BOOKMARK [2][-]{subsection.15.1.1}{Les pointeurs}{section.15.1}% 183
\BOOKMARK [2][-]{subsection.15.1.2}{Utilité des pointeurs}{section.15.1}% 184
\BOOKMARK [2][-]{subsection.15.1.3}{L'allocation dynamique de mémoire}{section.15.1}% 185
\BOOKMARK [1][-]{section.15.2}{Déclaration et initialisation}{chapter.15}% 186
\BOOKMARK [2][-]{subsection.15.2.1}{Initialisation}{section.15.2}% 187
\BOOKMARK [2][-]{subsection.15.2.2}{Pointeur nul}{section.15.2}% 188
\BOOKMARK [1][-]{section.15.3}{Utilisation }{chapter.15}% 189
\BOOKMARK [2][-]{subsection.15.3.1}{Indirection \(ou déréférencement\)}{section.15.3}% 190
\BOOKMARK [2][-]{subsection.15.3.2}{Passage comme argument}{section.15.3}% 191
\BOOKMARK [1][-]{section.15.4}{Retour de fonction}{chapter.15}% 192
\BOOKMARK [1][-]{section.15.5}{Pointeur de pointeur}{chapter.15}% 193
\BOOKMARK [1][-]{section.15.6}{Pointeurs génériques et affichage}{chapter.15}% 194
\BOOKMARK [1][-]{section.15.7}{Afficher une adresse}{chapter.15}% 195
\BOOKMARK [1][-]{section.15.8}{Exercice}{chapter.15}% 196
\BOOKMARK [1][-]{section.15.9}{Correction}{chapter.15}% 197
\BOOKMARK [0][-]{chapter.16}{Les structures}{part.2}% 198
\BOOKMARK [1][-]{section.16.1}{Définition, initialisation et utilisation}{chapter.16}% 199
\BOOKMARK [2][-]{subsection.16.1.1}{Définition d'une structure}{section.16.1}% 200
\BOOKMARK [2][-]{subsection.16.1.2}{Définition d'une variable de type structure}{section.16.1}% 201
\BOOKMARK [2][-]{subsection.16.1.3}{Initialisation}{section.16.1}% 202
\BOOKMARK [2][-]{subsection.16.1.4}{Accès à un membre}{section.16.1}% 203
\BOOKMARK [2][-]{subsection.16.1.5}{Exercice}{section.16.1}% 204
\BOOKMARK [1][-]{section.16.2}{Structures et pointeurs}{chapter.16}% 205
\BOOKMARK [2][-]{subsection.16.2.1}{Accès via un pointeur}{section.16.2}% 206
\BOOKMARK [2][-]{subsection.16.2.2}{Adressage}{section.16.2}% 207
\BOOKMARK [2][-]{subsection.16.2.3}{Pointeurs sur structures et fonctions}{section.16.2}% 208
\BOOKMARK [1][-]{section.16.3}{Portée et déclarations}{chapter.16}% 209
\BOOKMARK [2][-]{subsection.16.3.1}{Déclarations}{section.16.3}% 210
\BOOKMARK [2][-]{subsection.16.3.2}{Les structures interdépendantes}{section.16.3}% 211
\BOOKMARK [2][-]{subsection.16.3.3}{Structure qui pointe sur elle-même}{section.16.3}% 212
\BOOKMARK [1][-]{section.16.4}{Un peu de mémoire}{chapter.16}% 213
\BOOKMARK [2][-]{subsection.16.4.1}{L'opérateur sizeof}{section.16.4}% 214
\BOOKMARK [2][-]{subsection.16.4.2}{Alignement en mémoire}{section.16.4}% 215
\BOOKMARK [2][-]{subsection.16.4.3}{La macrofonction offsetof}{section.16.4}% 216
\BOOKMARK [0][-]{chapter.17}{Les tableaux}{part.2}% 217
\BOOKMARK [1][-]{section.17.1}{Les tableaux simples \(à une dimension\)}{chapter.17}% 218
\BOOKMARK [2][-]{subsection.17.1.1}{Définition}{section.17.1}% 219
\BOOKMARK [2][-]{subsection.17.1.2}{Initialisation}{section.17.1}% 220
\BOOKMARK [2][-]{subsection.17.1.3}{Accès aux éléments d'un tableau}{section.17.1}% 221
\BOOKMARK [2][-]{subsection.17.1.4}{Parcours et débordement}{section.17.1}% 222
\BOOKMARK [2][-]{subsection.17.1.5}{Tableaux et fonctions}{section.17.1}% 223
\BOOKMARK [1][-]{section.17.2}{La vérité sur les tableaux }{chapter.17}% 224
\BOOKMARK [2][-]{subsection.17.2.1}{Un peu d'histoire}{section.17.2}% 225
\BOOKMARK [2][-]{subsection.17.2.2}{Conséquences de l'absence d'un pointeur}{section.17.2}% 226
\BOOKMARK [1][-]{section.17.3}{Les tableaux multidimensionnels}{chapter.17}% 227
\BOOKMARK [2][-]{subsection.17.3.1}{Définition}{section.17.3}% 228
\BOOKMARK [1][-]{section.17.4}{Initialisation}{chapter.17}% 229
\BOOKMARK [2][-]{subsection.17.4.1}{Initialisation avec une longueur explicite}{section.17.4}% 230
\BOOKMARK [2][-]{subsection.17.4.2}{Initialisation avec une longueur implicite}{section.17.4}% 231
\BOOKMARK [2][-]{subsection.17.4.3}{Utilisation}{section.17.4}% 232
\BOOKMARK [2][-]{subsection.17.4.4}{Représentation en mémoire}{section.17.4}% 233
\BOOKMARK [2][-]{subsection.17.4.5}{Parcours}{section.17.4}% 234
\BOOKMARK [2][-]{subsection.17.4.6}{Tableaux multidimensionnels et fonctions}{section.17.4}% 235
\BOOKMARK [1][-]{section.17.5}{Exercices}{chapter.17}% 236
\BOOKMARK [2][-]{subsection.17.5.1}{Somme des éléments}{section.17.5}% 237
\BOOKMARK [2][-]{subsection.17.5.2}{Maximum et minimum}{section.17.5}% 238
\BOOKMARK [2][-]{subsection.17.5.3}{Recherche d'un élément}{section.17.5}% 239
\BOOKMARK [2][-]{subsection.17.5.4}{Inverser un tableau}{section.17.5}% 240
\BOOKMARK [2][-]{subsection.17.5.5}{Produit des lignes}{section.17.5}% 241
\BOOKMARK [2][-]{subsection.17.5.6}{Triangle de Pascal}{section.17.5}% 242
\BOOKMARK [0][-]{chapter.18}{Les chaînes de caractères}{part.2}% 243
\BOOKMARK [1][-]{section.18.1}{Qu'est-ce qu'une chaîne de caractères ?}{chapter.18}% 244
\BOOKMARK [2][-]{subsection.18.1.1}{Représentation en mémoire}{section.18.1}% 245
\BOOKMARK [1][-]{section.18.2}{Définition, initialisation et utilisation }{chapter.18}% 246
\BOOKMARK [2][-]{subsection.18.2.1}{Définition}{section.18.2}% 247
\BOOKMARK [2][-]{subsection.18.2.2}{Initialisation}{section.18.2}% 248
\BOOKMARK [2][-]{subsection.18.2.3}{Utilisation}{section.18.2}% 249
\BOOKMARK [1][-]{section.18.3}{Afficher et récupérer une chaîne de caractères}{chapter.18}% 250
\BOOKMARK [2][-]{subsection.18.3.1}{Printf}{section.18.3}% 251
\BOOKMARK [2][-]{subsection.18.3.2}{Scanf}{section.18.3}% 252
\BOOKMARK [1][-]{section.18.4}{Lire et écrire depuis et dans une chaîne de caractères}{chapter.18}% 253
\BOOKMARK [2][-]{subsection.18.4.1}{La fonction sprintf}{section.18.4}% 254
\BOOKMARK [2][-]{subsection.18.4.2}{La fonction sscanf}{section.18.4}% 255
\BOOKMARK [1][-]{section.18.5}{Les classes de caractères}{chapter.18}% 256
\BOOKMARK [1][-]{section.18.6}{Exercices }{chapter.18}% 257
\BOOKMARK [2][-]{subsection.18.6.1}{Palindrome}{section.18.6}% 258
\BOOKMARK [2][-]{subsection.18.6.2}{Compter les parenthèses}{section.18.6}% 259
\BOOKMARK [0][-]{chapter.19}{TP : l'en-tête <string.h>}{part.2}% 260
\BOOKMARK [1][-]{section.19.1}{Préparation }{chapter.19}% 261
\BOOKMARK [2][-]{subsection.19.1.1}{strlen}{section.19.1}% 262
\BOOKMARK [2][-]{subsection.19.1.2}{strcpy}{section.19.1}% 263
\BOOKMARK [2][-]{subsection.19.1.3}{strcat}{section.19.1}% 264
\BOOKMARK [2][-]{subsection.19.1.4}{strcmp}{section.19.1}% 265
\BOOKMARK [2][-]{subsection.19.1.5}{strchr}{section.19.1}% 266
\BOOKMARK [2][-]{subsection.19.1.6}{strpbrk}{section.19.1}% 267
\BOOKMARK [2][-]{subsection.19.1.7}{strstr}{section.19.1}% 268
\BOOKMARK [2][-]{subsection.19.1.8}{strlen}{section.19.1}% 269
\BOOKMARK [2][-]{subsection.19.1.9}{strcpy}{section.19.1}% 270
\BOOKMARK [2][-]{subsection.19.1.10}{strcat}{section.19.1}% 271
\BOOKMARK [2][-]{subsection.19.1.11}{strcmp}{section.19.1}% 272
\BOOKMARK [2][-]{subsection.19.1.12}{strchr}{section.19.1}% 273
\BOOKMARK [2][-]{subsection.19.1.13}{strpbrk}{section.19.1}% 274
\BOOKMARK [2][-]{subsection.19.1.14}{strstr}{section.19.1}% 275
\BOOKMARK [1][-]{section.19.2}{Pour allez plus loin : strtok}{chapter.19}% 276
\BOOKMARK [2][-]{subsection.19.2.1}{Correction}{section.19.2}% 277
\BOOKMARK [0][-]{chapter.20}{L'allocation dynamique}{part.2}% 278
\BOOKMARK [1][-]{section.20.1}{La notion d'objet}{chapter.20}% 279
\BOOKMARK [1][-]{section.20.2}{Malloc et consoeurs}{chapter.20}% 280
\BOOKMARK [2][-]{subsection.20.2.1}{malloc}{section.20.2}% 281
\BOOKMARK [2][-]{subsection.20.2.2}{free}{section.20.2}% 282
\BOOKMARK [2][-]{subsection.20.2.3}{calloc}{section.20.2}% 283
\BOOKMARK [2][-]{subsection.20.2.4}{realloc}{section.20.2}% 284
\BOOKMARK [1][-]{section.20.3}{Les tableaux multidimensionnels}{chapter.20}% 285
\BOOKMARK [2][-]{subsection.20.3.1}{Allocation en un bloc}{section.20.3}% 286
\BOOKMARK [2][-]{subsection.20.3.2}{Allocation de plusieurs tableaux}{section.20.3}% 287
\BOOKMARK [0][-]{chapter.21}{Les fichiers \(1\)}{part.2}% 288
\BOOKMARK [1][-]{section.21.1}{Les fichiers}{chapter.21}% 289
\BOOKMARK [2][-]{subsection.21.1.1}{Extension de fichier}{section.21.1}% 290
\BOOKMARK [2][-]{subsection.21.1.2}{Système de fichiers}{section.21.1}% 291
\BOOKMARK [1][-]{section.21.2}{Les flux : un peu de théorie}{chapter.21}% 292
\BOOKMARK [2][-]{subsection.21.2.1}{Pourquoi utiliser des flux ?}{section.21.2}% 293
\BOOKMARK [2][-]{subsection.21.2.2}{stdin, stdout et stderr}{section.21.2}% 294
\BOOKMARK [1][-]{section.21.3}{Ouverture et fermeture d'un flux}{chapter.21}% 295
\BOOKMARK [1][-]{section.21.4}{La fonction fopen}{chapter.21}% 296
\BOOKMARK [2][-]{subsection.21.4.1}{La fonction fclose}{section.21.4}% 297
\BOOKMARK [1][-]{section.21.5}{Écriture vers un flux de texte }{chapter.21}% 298
\BOOKMARK [2][-]{subsection.21.5.1}{Écrire un caractère}{section.21.5}% 299
\BOOKMARK [2][-]{subsection.21.5.2}{Écrire une ligne}{section.21.5}% 300
\BOOKMARK [2][-]{subsection.21.5.3}{La fonction fprintf}{section.21.5}% 301
\BOOKMARK [1][-]{section.21.6}{Lecture depuis un flux de texte }{chapter.21}% 302
\BOOKMARK [2][-]{subsection.21.6.1}{Récupérer un caractère}{section.21.6}% 303
\BOOKMARK [2][-]{subsection.21.6.2}{Récupérer une ligne}{section.21.6}% 304
\BOOKMARK [2][-]{subsection.21.6.3}{La fonction fscanf}{section.21.6}% 305
\BOOKMARK [1][-]{section.21.7}{Écriture vers un flux binaire}{chapter.21}% 306
\BOOKMARK [2][-]{subsection.21.7.1}{Écrire un multiplet}{section.21.7}% 307
\BOOKMARK [2][-]{subsection.21.7.2}{Écrire une suite de multiplets}{section.21.7}% 308
\BOOKMARK [1][-]{section.21.8}{Lecture depuis un flux binaire}{chapter.21}% 309
\BOOKMARK [2][-]{subsection.21.8.1}{Lire un multiplet}{section.21.8}% 310
\BOOKMARK [2][-]{subsection.21.8.2}{Lire une suite de multiplets}{section.21.8}% 311
\BOOKMARK [0][-]{chapter.22}{Les fichiers \(2\)}{part.2}% 312
\BOOKMARK [1][-]{section.22.1}{Détection d'erreurs et fin de fichier}{chapter.22}% 313
\BOOKMARK [2][-]{subsection.22.1.1}{La fonction feof}{section.22.1}% 314
\BOOKMARK [2][-]{subsection.22.1.2}{La fonction ferror}{section.22.1}% 315
\BOOKMARK [2][-]{subsection.22.1.3}{Exemple}{section.22.1}% 316
\BOOKMARK [2][-]{subsection.22.1.4}{La fonction ftell}{section.22.1}% 317
\BOOKMARK [2][-]{subsection.22.1.5}{La fonction fseek}{section.22.1}% 318
\BOOKMARK [2][-]{subsection.22.1.6}{La fonction rewind}{section.22.1}% 319
\BOOKMARK [1][-]{section.22.2}{La temporisation}{chapter.22}% 320
\BOOKMARK [2][-]{subsection.22.2.1}{Introduction}{section.22.2}% 321
\BOOKMARK [2][-]{subsection.22.2.2}{Intérargir avec la temporisation}{section.22.2}% 322
\BOOKMARK [1][-]{section.22.3}{Flux ouverts en lecture et écriture}{chapter.22}% 323
\BOOKMARK [0][-]{chapter.23}{Le préprocesseur}{part.2}% 324
\BOOKMARK [1][-]{section.23.1}{Les inclusions}{chapter.23}% 325
\BOOKMARK [1][-]{section.23.2}{Les macroconstantes}{chapter.23}% 326
\BOOKMARK [2][-]{subsection.23.2.1}{Substitutions de constantes}{section.23.2}% 327
\BOOKMARK [2][-]{subsection.23.2.2}{Substitutions d'instructions}{section.23.2}% 328
\BOOKMARK [2][-]{subsection.23.2.3}{Macros dans d'autres macros}{section.23.2}% 329
\BOOKMARK [2][-]{subsection.23.2.4}{Définition sur plusieurs lignes}{section.23.2}% 330
\BOOKMARK [2][-]{subsection.23.2.5}{Annuler une définition}{section.23.2}% 331
\BOOKMARK [1][-]{section.23.3}{Les macrofonctions}{chapter.23}% 332
\BOOKMARK [2][-]{subsection.23.3.1}{Priorité des opérations}{section.23.3}% 333
\BOOKMARK [2][-]{subsection.23.3.2}{Les effets de bords}{section.23.3}% 334
\BOOKMARK [1][-]{section.23.4}{Les directives conditionnelles}{chapter.23}% 335
\BOOKMARK [2][-]{subsection.23.4.1}{Les directives \043if, \043elif et \043else}{section.23.4}% 336
\BOOKMARK [2][-]{subsection.23.4.2}{Les directives \043ifdef et \043ifndef}{section.23.4}% 337
\BOOKMARK [0][-]{chapter.24}{TP : un Puissance 4}{part.2}% 338
\BOOKMARK [1][-]{section.24.1}{Première étape : le jeu}{chapter.24}% 339
\BOOKMARK [1][-]{section.24.2}{Correction}{chapter.24}% 340
\BOOKMARK [1][-]{section.24.3}{Deuxième étape : une petite IA}{chapter.24}% 341
\BOOKMARK [2][-]{subsection.24.3.1}{Introduction}{section.24.3}% 342
\BOOKMARK [2][-]{subsection.24.3.2}{Tirage au sort}{section.24.3}% 343
\BOOKMARK [1][-]{section.24.4}{Correction}{chapter.24}% 344
\BOOKMARK [1][-]{section.24.5}{Troisième et dernière étape : un système de sauvegarde/restauration}{chapter.24}% 345
\BOOKMARK [1][-]{section.24.6}{Correction}{chapter.24}% 346
\BOOKMARK [0][-]{chapter.25}{La gestion d'erreur \(2\)}{part.2}% 347
\BOOKMARK [1][-]{section.25.1}{Gestion de ressources}{chapter.25}% 348
\BOOKMARK [2][-]{subsection.25.1.1}{Allocation de ressources}{section.25.1}% 349
\BOOKMARK [2][-]{subsection.25.1.2}{Utilisation de ressources}{section.25.1}% 350
\BOOKMARK [1][-]{section.25.2}{Fin d'un programme}{chapter.25}% 351
\BOOKMARK [2][-]{subsection.25.2.1}{Terminaison normale}{section.25.2}% 352
\BOOKMARK [2][-]{subsection.25.2.2}{Terminaison anormale}{section.25.2}% 353
\BOOKMARK [1][-]{section.25.3}{Les assertions}{chapter.25}% 354
\BOOKMARK [2][-]{subsection.25.3.1}{La macrofonction assert}{section.25.3}% 355
\BOOKMARK [2][-]{subsection.25.3.2}{Suppression des assertions}{section.25.3}% 356
\BOOKMARK [1][-]{section.25.4}{Les fonctions strerror et perror}{chapter.25}% 357
\BOOKMARK [-1][-]{part.3}{III Notions avancées}{}% 358
\BOOKMARK [0][-]{chapter.26}{La représentation des types }{part.3}% 359
\BOOKMARK [1][-]{section.26.1}{La représentation des entiers}{chapter.26}% 360
\BOOKMARK [2][-]{subsection.26.1.1}{Les entiers non signés}{section.26.1}% 361
\BOOKMARK [2][-]{subsection.26.1.2}{Les entiers signés}{section.26.1}% 362
\BOOKMARK [2][-]{subsection.26.1.3}{Les bits de bourrages}{section.26.1}% 363
\BOOKMARK [1][-]{section.26.2}{La représentation des flottants}{chapter.26}% 364
\BOOKMARK [2][-]{subsection.26.2.1}{Première approche}{section.26.2}% 365
\BOOKMARK [2][-]{subsection.26.2.2}{Une histoire de virgule flottante}{section.26.2}% 366
\BOOKMARK [2][-]{subsection.26.2.3}{Formalisation}{section.26.2}% 367
\BOOKMARK [1][-]{section.26.3}{La représentation des pointeurs}{chapter.26}% 368
\BOOKMARK [1][-]{section.26.4}{Ordre des multiplets et des bits}{chapter.26}% 369
\BOOKMARK [2][-]{subsection.26.4.1}{Ordre des multiplets}{section.26.4}% 370
\BOOKMARK [2][-]{subsection.26.4.2}{Ordre des bits}{section.26.4}% 371
\BOOKMARK [2][-]{subsection.26.4.3}{Applications}{section.26.4}% 372
\BOOKMARK [1][-]{section.26.5}{Les fonctions memset, memcpy, memmove et memcmp}{chapter.26}% 373
\BOOKMARK [2][-]{subsection.26.5.1}{La fonction memset}{section.26.5}% 374
\BOOKMARK [2][-]{subsection.26.5.2}{Les fonctions memcpy et memmove}{section.26.5}% 375
\BOOKMARK [2][-]{subsection.26.5.3}{La fonction memcmp}{section.26.5}% 376
\BOOKMARK [0][-]{chapter.27}{Les limites des types}{part.3}% 377
\BOOKMARK [1][-]{section.27.1}{Les limites des types}{chapter.27}% 378
\BOOKMARK [2][-]{subsection.27.1.1}{L'en-tête <limits.h>}{section.27.1}% 379
\BOOKMARK [2][-]{subsection.27.1.2}{L'en-tête <float.h>}{section.27.1}% 380
\BOOKMARK [1][-]{section.27.2}{Les dépassements de capacité}{chapter.27}% 381
\BOOKMARK [2][-]{subsection.27.2.1}{Dépassement lors d'une opération}{section.27.2}% 382
\BOOKMARK [2][-]{subsection.27.2.2}{Dépassement lors d'une conversion}{section.27.2}% 383
\BOOKMARK [1][-]{section.27.3}{Gérer les dépassements entiers}{chapter.27}% 384
\BOOKMARK [2][-]{subsection.27.3.1}{Préparation}{section.27.3}% 385
\BOOKMARK [2][-]{subsection.27.3.2}{L'addition}{section.27.3}% 386
\BOOKMARK [2][-]{subsection.27.3.3}{La soustraction}{section.27.3}% 387
\BOOKMARK [2][-]{subsection.27.3.4}{La négation}{section.27.3}% 388
\BOOKMARK [2][-]{subsection.27.3.5}{La multiplication}{section.27.3}% 389
\BOOKMARK [2][-]{subsection.27.3.6}{La division}{section.27.3}% 390
\BOOKMARK [2][-]{subsection.27.3.7}{Le modulo}{section.27.3}% 391
\BOOKMARK [1][-]{section.27.4}{Gérer les dépassements flottants}{chapter.27}% 392
\BOOKMARK [2][-]{subsection.27.4.1}{L'addition}{section.27.4}% 393
\BOOKMARK [2][-]{subsection.27.4.2}{La soustraction}{section.27.4}% 394
\BOOKMARK [2][-]{subsection.27.4.3}{La multiplication}{section.27.4}% 395
\BOOKMARK [2][-]{subsection.27.4.4}{La division}{section.27.4}% 396
\BOOKMARK [0][-]{chapter.28}{Manipulation des bits}{part.3}% 397
\BOOKMARK [1][-]{section.28.1}{Les opérateurs de manipulation des bits}{chapter.28}% 398
\BOOKMARK [2][-]{subsection.28.1.1}{Présentation}{section.28.1}% 399
\BOOKMARK [2][-]{subsection.28.1.2}{Les opérateurs « et », « ou inclusif » et « ou exclusif »}{section.28.1}% 400
\BOOKMARK [2][-]{subsection.28.1.3}{L'opérateur de négation ou de complément}{section.28.1}% 401
\BOOKMARK [2][-]{subsection.28.1.4}{Les opérateurs de décalage}{section.28.1}% 402
\BOOKMARK [2][-]{subsection.28.1.5}{Opérateurs combinés}{section.28.1}% 403
\BOOKMARK [1][-]{section.28.2}{Masques et champs de bits}{chapter.28}% 404
\BOOKMARK [2][-]{subsection.28.2.1}{Les masques}{section.28.2}% 405
\BOOKMARK [2][-]{subsection.28.2.2}{Les champs de bits}{section.28.2}% 406
\BOOKMARK [1][-]{section.28.3}{Les drapeaux}{chapter.28}% 407
\BOOKMARK [1][-]{section.28.4}{Exercices}{chapter.28}% 408
\BOOKMARK [2][-]{subsection.28.4.1}{Obtenir la valeur maximale d'un type non signé}{section.28.4}% 409
\BOOKMARK [2][-]{subsection.28.4.2}{Afficher la représentation en base deux d'un entier}{section.28.4}% 410
\BOOKMARK [2][-]{subsection.28.4.3}{Déterminer si un nombre est une puissances de deux}{section.28.4}% 411
\BOOKMARK [0][-]{chapter.29}{Jeux de caractères et encodages}{part.3}% 412
\BOOKMARK [1][-]{section.29.1}{Les jeux de caractères et les encodages}{chapter.29}% 413
\BOOKMARK [2][-]{subsection.29.1.1}{Introduction}{section.29.1}% 414
\BOOKMARK [2][-]{subsection.29.1.2}{Ce que dit la norme}{section.29.1}% 415
\BOOKMARK [2][-]{subsection.29.1.3}{Caractères garantis}{section.29.1}% 416
\BOOKMARK [1][-]{section.29.2}{Les caractères larges}{chapter.29}% 417
\BOOKMARK [2][-]{subsection.29.2.1}{Mise en situation}{section.29.2}% 418
\BOOKMARK [2][-]{subsection.29.2.2}{Les caractères larges}{section.29.2}% 419
\BOOKMARK [2][-]{subsection.29.2.3}{Des fonctions dans tous leurs états}{section.29.2}% 420
\BOOKMARK [1][-]{section.29.3}{Internationalisation et localisation}{chapter.29}% 421
\BOOKMARK [2][-]{subsection.29.3.1}{L'internationalisation}{section.29.3}% 422
\BOOKMARK [2][-]{subsection.29.3.2}{La localisation}{section.29.3}% 423
\BOOKMARK [2][-]{subsection.29.3.3}{La fonction setlocale}{section.29.3}% 424
\BOOKMARK [2][-]{subsection.29.3.4}{Exemple}{section.29.3}% 425
\BOOKMARK [0][-]{chapter.30}{Les énumérations}{part.3}% 426
\BOOKMARK [1][-]{section.30.1}{Définition}{chapter.30}% 427
\BOOKMARK [1][-]{section.30.2}{Utilisation }{chapter.30}% 428
\BOOKMARK [0][-]{chapter.31}{Les unions }{part.3}% 429
\BOOKMARK [1][-]{section.31.1}{Définition }{chapter.31}% 430
\BOOKMARK [1][-]{section.31.2}{Utilisation }{chapter.31}% 431
\BOOKMARK [0][-]{chapter.32}{Les définitions de type}{part.3}% 432
\BOOKMARK [1][-]{section.32.1}{Définition et utilisation }{chapter.32}% 433
\BOOKMARK [0][-]{chapter.33}{Les pointeurs de fonction}{part.3}% 434
\BOOKMARK [1][-]{section.33.1}{Déclaration et initialisation}{chapter.33}% 435
\BOOKMARK [2][-]{subsection.33.1.1}{Initialisation}{section.33.1}% 436
\BOOKMARK [1][-]{section.33.2}{Utilisation}{chapter.33}% 437
\BOOKMARK [2][-]{subsection.33.2.1}{Déréférencement}{section.33.2}% 438
\BOOKMARK [2][-]{subsection.33.2.2}{Passage en argument}{section.33.2}% 439
\BOOKMARK [2][-]{subsection.33.2.3}{Retour de fonction}{section.33.2}% 440
\BOOKMARK [1][-]{section.33.3}{Pointeurs de fonction et pointeurs génériques}{chapter.33}% 441
\BOOKMARK [2][-]{subsection.33.3.1}{La promotion des arguments}{section.33.3}% 442
\BOOKMARK [2][-]{subsection.33.3.2}{Les pointeurs nuls}{section.33.3}% 443
\BOOKMARK [0][-]{chapter.34}{Les fonctions à nombre variable d'arguments}{part.3}% 444
\BOOKMARK [1][-]{section.34.1}{Présentation}{chapter.34}% 445
\BOOKMARK [1][-]{section.34.2}{L'en-tête <stdarg.h> }{chapter.34}% 446
\BOOKMARK [1][-]{section.34.3}{Méthodes pour déterminer le nombre et le type des arguments}{chapter.34}% 447
\BOOKMARK [2][-]{subsection.34.3.1}{Les chaînes de formats}{section.34.3}% 448
\BOOKMARK [2][-]{subsection.34.3.2}{Les suites d'arguments de même type}{section.34.3}% 449
\BOOKMARK [2][-]{subsection.34.3.3}{Emploi d'un pivot}{section.34.3}% 450
\BOOKMARK [0][-]{chapter.35}{T.P. : un allocateur statique de mémoire}{part.3}% 451
\BOOKMARK [1][-]{section.35.1}{Objectif}{chapter.35}% 452
\BOOKMARK [1][-]{section.35.2}{Première étape : allouer de la mémoire}{chapter.35}% 453
\BOOKMARK [2][-]{subsection.35.2.1}{Mémoire statique}{section.35.2}% 454
\BOOKMARK [1][-]{section.35.3}{Correction}{chapter.35}% 455
\BOOKMARK [1][-]{section.35.4}{Deuxième étape : libérer de la mémoire}{chapter.35}% 456
\BOOKMARK [2][-]{subsection.35.4.1}{Ajout d'un en-tête}{section.35.4}% 457
\BOOKMARK [2][-]{subsection.35.4.2}{Les listes chaînées}{section.35.4}% 458
\BOOKMARK [1][-]{section.35.5}{Correction}{chapter.35}% 459
\BOOKMARK [1][-]{section.35.6}{Troisième étape : fragmentation et défragmentation}{chapter.35}% 460
\BOOKMARK [2][-]{subsection.35.6.1}{Fusion de blocs}{section.35.6}% 461
\BOOKMARK [1][-]{section.35.7}{Correction}{chapter.35}% 462
\BOOKMARK [0][-]{section.35.7}{Index}{part.3}% 463
\BOOKMARK [0][-]{section.35.7}{Table des figures}{part.3}% 464
\BOOKMARK [0][-]{section.35.7}{Liste des tableaux}{part.3}% 465
\BOOKMARK [0][-]{section.35.7}{Table des matières}{part.3}% 466
